<?xml version="1.0" encoding="UTF-8"?>
<testsuite xmlns:xsi="http://www.w3.org/2001/XMLSchema-instance" xsi:noNamespaceSchemaLocation="https://maven.apache.org/surefire/maven-surefire-plugin/xsd/surefire-test-report.xsd" name="com.test.springboot.controller.ProjectManagerControllerTest" time="3.951" tests="11" errors="0" skipped="0" failures="0">
  <properties>
    <property name="sun.desktop" value="windows"/>
    <property name="awt.toolkit" value="sun.awt.windows.WToolkit"/>
    <property name="file.encoding.pkg" value="sun.io"/>
    <property name="java.specification.version" value="1.8"/>
    <property name="sun.cpu.isalist" value="amd64"/>
    <property name="sun.jnu.encoding" value="Cp1252"/>
    <property name="java.class.path" value="D:\FSD-SBA-FINAL-PROJECT-master\FSD-SBA-FINAL-PROJECT-master\projectmanager-server\target\test-classes;D:\FSD-SBA-FINAL-PROJECT-master\FSD-SBA-FINAL-PROJECT-master\projectmanager-server\target\classes;C:\Users\426184\.m2\repository\net\sf\dozer\dozer\5.5.1\dozer-5.5.1.jar;C:\Users\426184\.m2\repository\commons-beanutils\commons-beanutils\1.9.1\commons-beanutils-1.9.1.jar;C:\Users\426184\.m2\repository\commons-collections\commons-collections\3.2.1\commons-collections-3.2.1.jar;C:\Users\426184\.m2\repository\org\slf4j\slf4j-api\1.7.25\slf4j-api-1.7.25.jar;C:\Users\426184\.m2\repository\org\slf4j\jcl-over-slf4j\1.7.25\jcl-over-slf4j-1.7.25.jar;C:\Users\426184\.m2\repository\org\apache\commons\commons-lang3\3.8.1\commons-lang3-3.8.1.jar;C:\Users\426184\.m2\repository\com\fasterxml\jackson\core\jackson-core\2.9.6\jackson-core-2.9.6.jar;C:\Users\426184\.m2\repository\com\fasterxml\jackson\core\jackson-databind\2.9.6\jackson-databind-2.9.6.jar;C:\Users\426184\.m2\repository\com\fasterxml\jackson\core\jackson-annotations\2.9.0\jackson-annotations-2.9.0.jar;C:\Users\426184\.m2\repository\org\springframework\boot\spring-boot-starter-web\2.0.4.RELEASE\spring-boot-starter-web-2.0.4.RELEASE.jar;C:\Users\426184\.m2\repository\org\springframework\boot\spring-boot-starter\2.0.4.RELEASE\spring-boot-starter-2.0.4.RELEASE.jar;C:\Users\426184\.m2\repository\org\springframework\boot\spring-boot\2.0.4.RELEASE\spring-boot-2.0.4.RELEASE.jar;C:\Users\426184\.m2\repository\org\springframework\boot\spring-boot-autoconfigure\2.0.4.RELEASE\spring-boot-autoconfigure-2.0.4.RELEASE.jar;C:\Users\426184\.m2\repository\org\springframework\boot\spring-boot-starter-logging\2.0.4.RELEASE\spring-boot-starter-logging-2.0.4.RELEASE.jar;C:\Users\426184\.m2\repository\ch\qos\logback\logback-classic\1.2.3\logback-classic-1.2.3.jar;C:\Users\426184\.m2\repository\ch\qos\logback\logback-core\1.2.3\logback-core-1.2.3.jar;C:\Users\426184\.m2\repository\org\apache\logging\log4j\log4j-to-slf4j\2.10.0\log4j-to-slf4j-2.10.0.jar;C:\Users\426184\.m2\repository\org\apache\logging\log4j\log4j-api\2.10.0\log4j-api-2.10.0.jar;C:\Users\426184\.m2\repository\org\slf4j\jul-to-slf4j\1.7.25\jul-to-slf4j-1.7.25.jar;C:\Users\426184\.m2\repository\org\yaml\snakeyaml\1.19\snakeyaml-1.19.jar;C:\Users\426184\.m2\repository\org\springframework\boot\spring-boot-starter-json\2.0.4.RELEASE\spring-boot-starter-json-2.0.4.RELEASE.jar;C:\Users\426184\.m2\repository\com\fasterxml\jackson\datatype\jackson-datatype-jdk8\2.9.6\jackson-datatype-jdk8-2.9.6.jar;C:\Users\426184\.m2\repository\com\fasterxml\jackson\datatype\jackson-datatype-jsr310\2.9.6\jackson-datatype-jsr310-2.9.6.jar;C:\Users\426184\.m2\repository\com\fasterxml\jackson\module\jackson-module-parameter-names\2.9.6\jackson-module-parameter-names-2.9.6.jar;C:\Users\426184\.m2\repository\org\hibernate\validator\hibernate-validator\6.0.11.Final\hibernate-validator-6.0.11.Final.jar;C:\Users\426184\.m2\repository\javax\validation\validation-api\2.0.1.Final\validation-api-2.0.1.Final.jar;C:\Users\426184\.m2\repository\org\jboss\logging\jboss-logging\3.3.2.Final\jboss-logging-3.3.2.Final.jar;C:\Users\426184\.m2\repository\org\springframework\spring-web\5.0.8.RELEASE\spring-web-5.0.8.RELEASE.jar;C:\Users\426184\.m2\repository\org\springframework\spring-beans\5.0.8.RELEASE\spring-beans-5.0.8.RELEASE.jar;C:\Users\426184\.m2\repository\org\springframework\spring-webmvc\5.0.8.RELEASE\spring-webmvc-5.0.8.RELEASE.jar;C:\Users\426184\.m2\repository\org\springframework\spring-context\5.0.8.RELEASE\spring-context-5.0.8.RELEASE.jar;C:\Users\426184\.m2\repository\org\springframework\spring-expression\5.0.8.RELEASE\spring-expression-5.0.8.RELEASE.jar;C:\Users\426184\.m2\repository\org\springframework\boot\spring-boot-starter-actuator\2.0.4.RELEASE\spring-boot-starter-actuator-2.0.4.RELEASE.jar;C:\Users\426184\.m2\repository\org\springframework\boot\spring-boot-actuator-autoconfigure\2.0.4.RELEASE\spring-boot-actuator-autoconfigure-2.0.4.RELEASE.jar;C:\Users\426184\.m2\repository\org\springframework\boot\spring-boot-actuator\2.0.4.RELEASE\spring-boot-actuator-2.0.4.RELEASE.jar;C:\Users\426184\.m2\repository\io\micrometer\micrometer-core\1.0.6\micrometer-core-1.0.6.jar;C:\Users\426184\.m2\repository\org\hdrhistogram\HdrHistogram\2.1.10\HdrHistogram-2.1.10.jar;C:\Users\426184\.m2\repository\org\latencyutils\LatencyUtils\2.0.3\LatencyUtils-2.0.3.jar;C:\Users\426184\.m2\repository\org\springframework\boot\spring-boot-starter-security\2.0.4.RELEASE\spring-boot-starter-security-2.0.4.RELEASE.jar;C:\Users\426184\.m2\repository\org\springframework\spring-aop\5.0.8.RELEASE\spring-aop-5.0.8.RELEASE.jar;C:\Users\426184\.m2\repository\org\springframework\security\spring-security-config\5.0.7.RELEASE\spring-security-config-5.0.7.RELEASE.jar;C:\Users\426184\.m2\repository\org\springframework\security\spring-security-core\5.0.7.RELEASE\spring-security-core-5.0.7.RELEASE.jar;C:\Users\426184\.m2\repository\org\springframework\security\spring-security-web\5.0.7.RELEASE\spring-security-web-5.0.7.RELEASE.jar;C:\Users\426184\.m2\repository\org\springframework\boot\spring-boot-starter-tomcat\2.0.4.RELEASE\spring-boot-starter-tomcat-2.0.4.RELEASE.jar;C:\Users\426184\.m2\repository\javax\annotation\javax.annotation-api\1.3.2\javax.annotation-api-1.3.2.jar;C:\Users\426184\.m2\repository\org\apache\tomcat\embed\tomcat-embed-core\8.5.32\tomcat-embed-core-8.5.32.jar;C:\Users\426184\.m2\repository\org\apache\tomcat\embed\tomcat-embed-el\8.5.32\tomcat-embed-el-8.5.32.jar;C:\Users\426184\.m2\repository\org\apache\tomcat\embed\tomcat-embed-websocket\8.5.32\tomcat-embed-websocket-8.5.32.jar;C:\Users\426184\.m2\repository\org\springframework\boot\spring-boot-starter-test\2.0.4.RELEASE\spring-boot-starter-test-2.0.4.RELEASE.jar;C:\Users\426184\.m2\repository\org\springframework\boot\spring-boot-test\2.0.4.RELEASE\spring-boot-test-2.0.4.RELEASE.jar;C:\Users\426184\.m2\repository\org\springframework\boot\spring-boot-test-autoconfigure\2.0.4.RELEASE\spring-boot-test-autoconfigure-2.0.4.RELEASE.jar;C:\Users\426184\.m2\repository\com\jayway\jsonpath\json-path\2.4.0\json-path-2.4.0.jar;C:\Users\426184\.m2\repository\net\minidev\json-smart\2.3\json-smart-2.3.jar;C:\Users\426184\.m2\repository\net\minidev\accessors-smart\1.2\accessors-smart-1.2.jar;C:\Users\426184\.m2\repository\org\ow2\asm\asm\5.0.4\asm-5.0.4.jar;C:\Users\426184\.m2\repository\junit\junit\4.12\junit-4.12.jar;C:\Users\426184\.m2\repository\org\assertj\assertj-core\3.9.1\assertj-core-3.9.1.jar;C:\Users\426184\.m2\repository\org\mockito\mockito-core\2.15.0\mockito-core-2.15.0.jar;C:\Users\426184\.m2\repository\net\bytebuddy\byte-buddy\1.7.11\byte-buddy-1.7.11.jar;C:\Users\426184\.m2\repository\net\bytebuddy\byte-buddy-agent\1.7.11\byte-buddy-agent-1.7.11.jar;C:\Users\426184\.m2\repository\org\objenesis\objenesis\2.6\objenesis-2.6.jar;C:\Users\426184\.m2\repository\org\hamcrest\hamcrest-core\1.3\hamcrest-core-1.3.jar;C:\Users\426184\.m2\repository\org\hamcrest\hamcrest-library\1.3\hamcrest-library-1.3.jar;C:\Users\426184\.m2\repository\org\skyscreamer\jsonassert\1.5.0\jsonassert-1.5.0.jar;C:\Users\426184\.m2\repository\com\vaadin\external\google\android-json\0.0.20131108.vaadin1\android-json-0.0.20131108.vaadin1.jar;C:\Users\426184\.m2\repository\org\springframework\spring-core\5.0.8.RELEASE\spring-core-5.0.8.RELEASE.jar;C:\Users\426184\.m2\repository\org\springframework\spring-jcl\5.0.8.RELEASE\spring-jcl-5.0.8.RELEASE.jar;C:\Users\426184\.m2\repository\org\springframework\spring-test\5.0.8.RELEASE\spring-test-5.0.8.RELEASE.jar;C:\Users\426184\.m2\repository\org\xmlunit\xmlunit-core\2.5.1\xmlunit-core-2.5.1.jar;C:\Users\426184\.m2\repository\org\springframework\boot\spring-boot-starter-aop\2.0.4.RELEASE\spring-boot-starter-aop-2.0.4.RELEASE.jar;C:\Users\426184\.m2\repository\org\aspectj\aspectjweaver\1.8.13\aspectjweaver-1.8.13.jar;C:\Users\426184\.m2\repository\org\springframework\boot\spring-boot-starter-integration\2.0.4.RELEASE\spring-boot-starter-integration-2.0.4.RELEASE.jar;C:\Users\426184\.m2\repository\org\springframework\integration\spring-integration-core\5.0.7.RELEASE\spring-integration-core-5.0.7.RELEASE.jar;C:\Users\426184\.m2\repository\org\springframework\spring-messaging\5.0.8.RELEASE\spring-messaging-5.0.8.RELEASE.jar;C:\Users\426184\.m2\repository\org\springframework\spring-tx\5.0.8.RELEASE\spring-tx-5.0.8.RELEASE.jar;C:\Users\426184\.m2\repository\org\springframework\retry\spring-retry\1.2.2.RELEASE\spring-retry-1.2.2.RELEASE.jar;C:\Users\426184\.m2\repository\io\projectreactor\reactor-core\3.1.8.RELEASE\reactor-core-3.1.8.RELEASE.jar;C:\Users\426184\.m2\repository\org\reactivestreams\reactive-streams\1.0.2\reactive-streams-1.0.2.jar;C:\Users\426184\.m2\repository\org\springframework\boot\spring-boot-starter-data-jpa\2.0.4.RELEASE\spring-boot-starter-data-jpa-2.0.4.RELEASE.jar;C:\Users\426184\.m2\repository\org\springframework\boot\spring-boot-starter-jdbc\2.0.4.RELEASE\spring-boot-starter-jdbc-2.0.4.RELEASE.jar;C:\Users\426184\.m2\repository\com\zaxxer\HikariCP\2.7.9\HikariCP-2.7.9.jar;C:\Users\426184\.m2\repository\org\springframework\spring-jdbc\5.0.8.RELEASE\spring-jdbc-5.0.8.RELEASE.jar;C:\Users\426184\.m2\repository\org\hibernate\hibernate-core\5.2.17.Final\hibernate-core-5.2.17.Final.jar;C:\Users\426184\.m2\repository\org\hibernate\javax\persistence\hibernate-jpa-2.1-api\1.0.2.Final\hibernate-jpa-2.1-api-1.0.2.Final.jar;C:\Users\426184\.m2\repository\org\javassist\javassist\3.22.0-GA\javassist-3.22.0-GA.jar;C:\Users\426184\.m2\repository\antlr\antlr\2.7.7\antlr-2.7.7.jar;C:\Users\426184\.m2\repository\org\jboss\jandex\2.0.3.Final\jandex-2.0.3.Final.jar;C:\Users\426184\.m2\repository\dom4j\dom4j\1.6.1\dom4j-1.6.1.jar;C:\Users\426184\.m2\repository\org\hibernate\common\hibernate-commons-annotations\5.0.1.Final\hibernate-commons-annotations-5.0.1.Final.jar;C:\Users\426184\.m2\repository\javax\transaction\javax.transaction-api\1.2\javax.transaction-api-1.2.jar;C:\Users\426184\.m2\repository\org\springframework\data\spring-data-jpa\2.0.9.RELEASE\spring-data-jpa-2.0.9.RELEASE.jar;C:\Users\426184\.m2\repository\org\springframework\data\spring-data-commons\2.0.9.RELEASE\spring-data-commons-2.0.9.RELEASE.jar;C:\Users\426184\.m2\repository\org\springframework\spring-orm\5.0.8.RELEASE\spring-orm-5.0.8.RELEASE.jar;C:\Users\426184\.m2\repository\org\springframework\spring-aspects\5.0.8.RELEASE\spring-aspects-5.0.8.RELEASE.jar;C:\Users\426184\.m2\repository\io\springfox\springfox-swagger2\2.7.0\springfox-swagger2-2.7.0.jar;C:\Users\426184\.m2\repository\io\swagger\swagger-annotations\1.5.13\swagger-annotations-1.5.13.jar;C:\Users\426184\.m2\repository\io\swagger\swagger-models\1.5.13\swagger-models-1.5.13.jar;C:\Users\426184\.m2\repository\io\springfox\springfox-spi\2.7.0\springfox-spi-2.7.0.jar;C:\Users\426184\.m2\repository\io\springfox\springfox-core\2.7.0\springfox-core-2.7.0.jar;C:\Users\426184\.m2\repository\io\springfox\springfox-schema\2.7.0\springfox-schema-2.7.0.jar;C:\Users\426184\.m2\repository\io\springfox\springfox-swagger-common\2.7.0\springfox-swagger-common-2.7.0.jar;C:\Users\426184\.m2\repository\io\springfox\springfox-spring-web\2.7.0\springfox-spring-web-2.7.0.jar;C:\Users\426184\.m2\repository\org\reflections\reflections\0.9.11\reflections-0.9.11.jar;C:\Users\426184\.m2\repository\com\google\guava\guava\18.0\guava-18.0.jar;C:\Users\426184\.m2\repository\com\fasterxml\classmate\1.3.4\classmate-1.3.4.jar;C:\Users\426184\.m2\repository\org\springframework\plugin\spring-plugin-core\1.2.0.RELEASE\spring-plugin-core-1.2.0.RELEASE.jar;C:\Users\426184\.m2\repository\org\springframework\plugin\spring-plugin-metadata\1.2.0.RELEASE\spring-plugin-metadata-1.2.0.RELEASE.jar;C:\Users\426184\.m2\repository\org\mapstruct\mapstruct\1.1.0.Final\mapstruct-1.1.0.Final.jar;C:\Users\426184\.m2\repository\io\springfox\springfox-swagger-ui\2.7.0\springfox-swagger-ui-2.7.0.jar;C:\Users\426184\.m2\repository\mysql\mysql-connector-java\5.1.46\mysql-connector-java-5.1.46.jar;D:\FSD-SBA-FINAL-PROJECT-master\FSD-SBA-FINAL-PROJECT-master\projectmanager-web\target\projectmanager-web-0.0.1-SNAPSHOT.jar;C:\Users\426184\.m2\repository\com\spotify\docker-maven-plugin\1.2.0\docker-maven-plugin-1.2.0.jar;C:\Users\426184\.m2\repository\com\spotify\docker-client\8.14.1\docker-client-8.14.1-shaded.jar;C:\Users\426184\.m2\repository\com\fasterxml\jackson\jaxrs\jackson-jaxrs-json-provider\2.9.6\jackson-jaxrs-json-provider-2.9.6.jar;C:\Users\426184\.m2\repository\com\fasterxml\jackson\jaxrs\jackson-jaxrs-base\2.9.6\jackson-jaxrs-base-2.9.6.jar;C:\Users\426184\.m2\repository\com\fasterxml\jackson\module\jackson-module-jaxb-annotations\2.9.6\jackson-module-jaxb-annotations-2.9.6.jar;C:\Users\426184\.m2\repository\com\fasterxml\jackson\datatype\jackson-datatype-guava\2.9.6\jackson-datatype-guava-2.9.6.jar;C:\Users\426184\.m2\repository\org\glassfish\jersey\core\jersey-client\2.26\jersey-client-2.26.jar;C:\Users\426184\.m2\repository\javax\ws\rs\javax.ws.rs-api\2.1\javax.ws.rs-api-2.1.jar;C:\Users\426184\.m2\repository\org\glassfish\jersey\core\jersey-common\2.26\jersey-common-2.26.jar;C:\Users\426184\.m2\repository\org\glassfish\hk2\osgi-resource-locator\1.0.1\osgi-resource-locator-1.0.1.jar;C:\Users\426184\.m2\repository\org\glassfish\hk2\external\javax.inject\2.5.0-b42\javax.inject-2.5.0-b42.jar;C:\Users\426184\.m2\repository\org\glassfish\jersey\connectors\jersey-apache-connector\2.22.2\jersey-apache-connector-2.22.2.jar;C:\Users\426184\.m2\repository\org\glassfish\jersey\media\jersey-media-json-jackson\2.26\jersey-media-json-jackson-2.26.jar;C:\Users\426184\.m2\repository\org\glassfish\jersey\ext\jersey-entity-filtering\2.26\jersey-entity-filtering-2.26.jar;C:\Users\426184\.m2\repository\javax\activation\activation\1.1\activation-1.1.jar;C:\Users\426184\.m2\repository\org\apache\commons\commons-compress\1.9\commons-compress-1.9.jar;C:\Users\426184\.m2\repository\commons-io\commons-io\2.5\commons-io-2.5.jar;C:\Users\426184\.m2\repository\org\apache\httpcomponents\httpclient\4.5.6\httpclient-4.5.6.jar;C:\Users\426184\.m2\repository\commons-codec\commons-codec\1.11\commons-codec-1.11.jar;C:\Users\426184\.m2\repository\org\apache\httpcomponents\httpcore\4.4.10\httpcore-4.4.10.jar;C:\Users\426184\.m2\repository\com\github\jnr\jnr-unixsocket\0.18\jnr-unixsocket-0.18.jar;C:\Users\426184\.m2\repository\com\github\jnr\jnr-ffi\2.1.4\jnr-ffi-2.1.4.jar;C:\Users\426184\.m2\repository\com\github\jnr\jffi\1.2.15\jffi-1.2.15.jar;C:\Users\426184\.m2\repository\com\github\jnr\jffi\1.2.15\jffi-1.2.15-native.jar;C:\Users\426184\.m2\repository\org\ow2\asm\asm-commons\5.0.3\asm-commons-5.0.3.jar;C:\Users\426184\.m2\repository\org\ow2\asm\asm-analysis\5.0.3\asm-analysis-5.0.3.jar;C:\Users\426184\.m2\repository\org\ow2\asm\asm-tree\5.0.3\asm-tree-5.0.3.jar;C:\Users\426184\.m2\repository\org\ow2\asm\asm-util\5.0.3\asm-util-5.0.3.jar;C:\Users\426184\.m2\repository\com\github\jnr\jnr-x86asm\1.0.2\jnr-x86asm-1.0.2.jar;C:\Users\426184\.m2\repository\com\github\jnr\jnr-constants\0.9.8\jnr-constants-0.9.8.jar;C:\Users\426184\.m2\repository\com\github\jnr\jnr-enxio\0.16\jnr-enxio-0.16.jar;C:\Users\426184\.m2\repository\com\github\jnr\jnr-posix\3.0.35\jnr-posix-3.0.35.jar;C:\Users\426184\.m2\repository\commons-lang\commons-lang\2.6\commons-lang-2.6.jar;C:\Users\426184\.m2\repository\org\bouncycastle\bcpkix-jdk15on\1.59\bcpkix-jdk15on-1.59.jar;C:\Users\426184\.m2\repository\org\bouncycastle\bcprov-jdk15on\1.59\bcprov-jdk15on-1.59.jar;C:\Users\426184\.m2\repository\com\google\auth\google-auth-library-oauth2-http\0.6.0\google-auth-library-oauth2-http-0.6.0.jar;C:\Users\426184\.m2\repository\com\google\auth\google-auth-library-credentials\0.6.0\google-auth-library-credentials-0.6.0.jar;C:\Users\426184\.m2\repository\com\google\http-client\google-http-client\1.19.0\google-http-client-1.19.0.jar;C:\Users\426184\.m2\repository\com\google\code\findbugs\jsr305\1.3.9\jsr305-1.3.9.jar;C:\Users\426184\.m2\repository\com\google\http-client\google-http-client-jackson2\1.19.0\google-http-client-jackson2-1.19.0.jar;C:\Users\426184\.m2\repository\com\typesafe\config\1.2.0\config-1.2.0.jar;C:\Users\426184\.m2\repository\org\apache\maven\maven-core\3.3.3\maven-core-3.3.3.jar;C:\Users\426184\.m2\repository\org\apache\maven\maven-model\3.3.3\maven-model-3.3.3.jar;C:\Users\426184\.m2\repository\org\apache\maven\maven-settings\3.3.3\maven-settings-3.3.3.jar;C:\Users\426184\.m2\repository\org\apache\maven\maven-settings-builder\3.3.3\maven-settings-builder-3.3.3.jar;C:\Users\426184\.m2\repository\org\apache\maven\maven-builder-support\3.3.3\maven-builder-support-3.3.3.jar;C:\Users\426184\.m2\repository\org\apache\maven\maven-repository-metadata\3.3.3\maven-repository-metadata-3.3.3.jar;C:\Users\426184\.m2\repository\org\apache\maven\maven-plugin-api\3.3.3\maven-plugin-api-3.3.3.jar;C:\Users\426184\.m2\repository\org\apache\maven\maven-model-builder\3.3.3\maven-model-builder-3.3.3.jar;C:\Users\426184\.m2\repository\org\apache\maven\maven-aether-provider\3.3.3\maven-aether-provider-3.3.3.jar;C:\Users\426184\.m2\repository\org\eclipse\aether\aether-spi\1.0.2.v20150114\aether-spi-1.0.2.v20150114.jar;C:\Users\426184\.m2\repository\org\eclipse\aether\aether-impl\1.0.2.v20150114\aether-impl-1.0.2.v20150114.jar;C:\Users\426184\.m2\repository\org\eclipse\aether\aether-api\1.0.2.v20150114\aether-api-1.0.2.v20150114.jar;C:\Users\426184\.m2\repository\org\eclipse\aether\aether-util\1.0.2.v20150114\aether-util-1.0.2.v20150114.jar;C:\Users\426184\.m2\repository\org\eclipse\sisu\org.eclipse.sisu.plexus\0.3.0\org.eclipse.sisu.plexus-0.3.0.jar;C:\Users\426184\.m2\repository\javax\enterprise\cdi-api\1.0\cdi-api-1.0.jar;C:\Users\426184\.m2\repository\javax\annotation\jsr250-api\1.0\jsr250-api-1.0.jar;C:\Users\426184\.m2\repository\org\eclipse\sisu\org.eclipse.sisu.inject\0.3.0\org.eclipse.sisu.inject-0.3.0.jar;C:\Users\426184\.m2\repository\org\sonatype\sisu\sisu-guice\3.2.5\sisu-guice-3.2.5-no_aop.jar;C:\Users\426184\.m2\repository\javax\inject\javax.inject\1\javax.inject-1.jar;C:\Users\426184\.m2\repository\aopalliance\aopalliance\1.0\aopalliance-1.0.jar;C:\Users\426184\.m2\repository\org\codehaus\plexus\plexus-interpolation\1.21\plexus-interpolation-1.21.jar;C:\Users\426184\.m2\repository\org\codehaus\plexus\plexus-utils\3.0.20\plexus-utils-3.0.20.jar;C:\Users\426184\.m2\repository\org\codehaus\plexus\plexus-classworlds\2.5.2\plexus-classworlds-2.5.2.jar;C:\Users\426184\.m2\repository\org\codehaus\plexus\plexus-component-annotations\1.5.5\plexus-component-annotations-1.5.5.jar;C:\Users\426184\.m2\repository\org\sonatype\plexus\plexus-sec-dispatcher\1.3\plexus-sec-dispatcher-1.3.jar;C:\Users\426184\.m2\repository\org\sonatype\plexus\plexus-cipher\1.4\plexus-cipher-1.4.jar;C:\Users\426184\.m2\repository\org\apache\maven\maven-artifact\3.3.3\maven-artifact-3.3.3.jar;C:\Users\426184\.m2\repository\org\eclipse\jgit\org.eclipse.jgit\3.2.0.201312181205-r\org.eclipse.jgit-3.2.0.201312181205-r.jar;C:\Users\426184\.m2\repository\com\jcraft\jsch\0.1.46\jsch-0.1.46.jar;C:\Users\426184\.m2\repository\com\googlecode\javaewah\JavaEWAH\0.5.6\JavaEWAH-0.5.6.jar;"/>
    <property name="java.vm.vendor" value="Oracle Corporation"/>
    <property name="sun.arch.data.model" value="64"/>
    <property name="user.variant" value=""/>
    <property name="java.vendor.url" value="http://java.oracle.com/"/>
    <property name="user.timezone" value=""/>
    <property name="java.vm.specification.version" value="1.8"/>
    <property name="os.name" value="Windows 10"/>
    <property name="user.country" value="US"/>
    <property name="sun.java.launcher" value="SUN_STANDARD"/>
    <property name="sun.boot.library.path" value="C:\Program Files\Java\jre1.8.0_211\bin"/>
    <property name="sun.java.command" value="C:\Users\426184\AppData\Local\Temp\surefire3921445204605145458\surefirebooter4402678036350044680.jar C:\Users\426184\AppData\Local\Temp\surefire3921445204605145458 2019-09-10T17-18-25_703-jvmRun1 surefire3204213803828391107tmp surefire_06091594482221984447tmp"/>
    <property name="surefire.test.class.path" value="D:\FSD-SBA-FINAL-PROJECT-master\FSD-SBA-FINAL-PROJECT-master\projectmanager-server\target\test-classes;D:\FSD-SBA-FINAL-PROJECT-master\FSD-SBA-FINAL-PROJECT-master\projectmanager-server\target\classes;C:\Users\426184\.m2\repository\net\sf\dozer\dozer\5.5.1\dozer-5.5.1.jar;C:\Users\426184\.m2\repository\commons-beanutils\commons-beanutils\1.9.1\commons-beanutils-1.9.1.jar;C:\Users\426184\.m2\repository\commons-collections\commons-collections\3.2.1\commons-collections-3.2.1.jar;C:\Users\426184\.m2\repository\org\slf4j\slf4j-api\1.7.25\slf4j-api-1.7.25.jar;C:\Users\426184\.m2\repository\org\slf4j\jcl-over-slf4j\1.7.25\jcl-over-slf4j-1.7.25.jar;C:\Users\426184\.m2\repository\org\apache\commons\commons-lang3\3.8.1\commons-lang3-3.8.1.jar;C:\Users\426184\.m2\repository\com\fasterxml\jackson\core\jackson-core\2.9.6\jackson-core-2.9.6.jar;C:\Users\426184\.m2\repository\com\fasterxml\jackson\core\jackson-databind\2.9.6\jackson-databind-2.9.6.jar;C:\Users\426184\.m2\repository\com\fasterxml\jackson\core\jackson-annotations\2.9.0\jackson-annotations-2.9.0.jar;C:\Users\426184\.m2\repository\org\springframework\boot\spring-boot-starter-web\2.0.4.RELEASE\spring-boot-starter-web-2.0.4.RELEASE.jar;C:\Users\426184\.m2\repository\org\springframework\boot\spring-boot-starter\2.0.4.RELEASE\spring-boot-starter-2.0.4.RELEASE.jar;C:\Users\426184\.m2\repository\org\springframework\boot\spring-boot\2.0.4.RELEASE\spring-boot-2.0.4.RELEASE.jar;C:\Users\426184\.m2\repository\org\springframework\boot\spring-boot-autoconfigure\2.0.4.RELEASE\spring-boot-autoconfigure-2.0.4.RELEASE.jar;C:\Users\426184\.m2\repository\org\springframework\boot\spring-boot-starter-logging\2.0.4.RELEASE\spring-boot-starter-logging-2.0.4.RELEASE.jar;C:\Users\426184\.m2\repository\ch\qos\logback\logback-classic\1.2.3\logback-classic-1.2.3.jar;C:\Users\426184\.m2\repository\ch\qos\logback\logback-core\1.2.3\logback-core-1.2.3.jar;C:\Users\426184\.m2\repository\org\apache\logging\log4j\log4j-to-slf4j\2.10.0\log4j-to-slf4j-2.10.0.jar;C:\Users\426184\.m2\repository\org\apache\logging\log4j\log4j-api\2.10.0\log4j-api-2.10.0.jar;C:\Users\426184\.m2\repository\org\slf4j\jul-to-slf4j\1.7.25\jul-to-slf4j-1.7.25.jar;C:\Users\426184\.m2\repository\org\yaml\snakeyaml\1.19\snakeyaml-1.19.jar;C:\Users\426184\.m2\repository\org\springframework\boot\spring-boot-starter-json\2.0.4.RELEASE\spring-boot-starter-json-2.0.4.RELEASE.jar;C:\Users\426184\.m2\repository\com\fasterxml\jackson\datatype\jackson-datatype-jdk8\2.9.6\jackson-datatype-jdk8-2.9.6.jar;C:\Users\426184\.m2\repository\com\fasterxml\jackson\datatype\jackson-datatype-jsr310\2.9.6\jackson-datatype-jsr310-2.9.6.jar;C:\Users\426184\.m2\repository\com\fasterxml\jackson\module\jackson-module-parameter-names\2.9.6\jackson-module-parameter-names-2.9.6.jar;C:\Users\426184\.m2\repository\org\hibernate\validator\hibernate-validator\6.0.11.Final\hibernate-validator-6.0.11.Final.jar;C:\Users\426184\.m2\repository\javax\validation\validation-api\2.0.1.Final\validation-api-2.0.1.Final.jar;C:\Users\426184\.m2\repository\org\jboss\logging\jboss-logging\3.3.2.Final\jboss-logging-3.3.2.Final.jar;C:\Users\426184\.m2\repository\org\springframework\spring-web\5.0.8.RELEASE\spring-web-5.0.8.RELEASE.jar;C:\Users\426184\.m2\repository\org\springframework\spring-beans\5.0.8.RELEASE\spring-beans-5.0.8.RELEASE.jar;C:\Users\426184\.m2\repository\org\springframework\spring-webmvc\5.0.8.RELEASE\spring-webmvc-5.0.8.RELEASE.jar;C:\Users\426184\.m2\repository\org\springframework\spring-context\5.0.8.RELEASE\spring-context-5.0.8.RELEASE.jar;C:\Users\426184\.m2\repository\org\springframework\spring-expression\5.0.8.RELEASE\spring-expression-5.0.8.RELEASE.jar;C:\Users\426184\.m2\repository\org\springframework\boot\spring-boot-starter-actuator\2.0.4.RELEASE\spring-boot-starter-actuator-2.0.4.RELEASE.jar;C:\Users\426184\.m2\repository\org\springframework\boot\spring-boot-actuator-autoconfigure\2.0.4.RELEASE\spring-boot-actuator-autoconfigure-2.0.4.RELEASE.jar;C:\Users\426184\.m2\repository\org\springframework\boot\spring-boot-actuator\2.0.4.RELEASE\spring-boot-actuator-2.0.4.RELEASE.jar;C:\Users\426184\.m2\repository\io\micrometer\micrometer-core\1.0.6\micrometer-core-1.0.6.jar;C:\Users\426184\.m2\repository\org\hdrhistogram\HdrHistogram\2.1.10\HdrHistogram-2.1.10.jar;C:\Users\426184\.m2\repository\org\latencyutils\LatencyUtils\2.0.3\LatencyUtils-2.0.3.jar;C:\Users\426184\.m2\repository\org\springframework\boot\spring-boot-starter-security\2.0.4.RELEASE\spring-boot-starter-security-2.0.4.RELEASE.jar;C:\Users\426184\.m2\repository\org\springframework\spring-aop\5.0.8.RELEASE\spring-aop-5.0.8.RELEASE.jar;C:\Users\426184\.m2\repository\org\springframework\security\spring-security-config\5.0.7.RELEASE\spring-security-config-5.0.7.RELEASE.jar;C:\Users\426184\.m2\repository\org\springframework\security\spring-security-core\5.0.7.RELEASE\spring-security-core-5.0.7.RELEASE.jar;C:\Users\426184\.m2\repository\org\springframework\security\spring-security-web\5.0.7.RELEASE\spring-security-web-5.0.7.RELEASE.jar;C:\Users\426184\.m2\repository\org\springframework\boot\spring-boot-starter-tomcat\2.0.4.RELEASE\spring-boot-starter-tomcat-2.0.4.RELEASE.jar;C:\Users\426184\.m2\repository\javax\annotation\javax.annotation-api\1.3.2\javax.annotation-api-1.3.2.jar;C:\Users\426184\.m2\repository\org\apache\tomcat\embed\tomcat-embed-core\8.5.32\tomcat-embed-core-8.5.32.jar;C:\Users\426184\.m2\repository\org\apache\tomcat\embed\tomcat-embed-el\8.5.32\tomcat-embed-el-8.5.32.jar;C:\Users\426184\.m2\repository\org\apache\tomcat\embed\tomcat-embed-websocket\8.5.32\tomcat-embed-websocket-8.5.32.jar;C:\Users\426184\.m2\repository\org\springframework\boot\spring-boot-starter-test\2.0.4.RELEASE\spring-boot-starter-test-2.0.4.RELEASE.jar;C:\Users\426184\.m2\repository\org\springframework\boot\spring-boot-test\2.0.4.RELEASE\spring-boot-test-2.0.4.RELEASE.jar;C:\Users\426184\.m2\repository\org\springframework\boot\spring-boot-test-autoconfigure\2.0.4.RELEASE\spring-boot-test-autoconfigure-2.0.4.RELEASE.jar;C:\Users\426184\.m2\repository\com\jayway\jsonpath\json-path\2.4.0\json-path-2.4.0.jar;C:\Users\426184\.m2\repository\net\minidev\json-smart\2.3\json-smart-2.3.jar;C:\Users\426184\.m2\repository\net\minidev\accessors-smart\1.2\accessors-smart-1.2.jar;C:\Users\426184\.m2\repository\org\ow2\asm\asm\5.0.4\asm-5.0.4.jar;C:\Users\426184\.m2\repository\junit\junit\4.12\junit-4.12.jar;C:\Users\426184\.m2\repository\org\assertj\assertj-core\3.9.1\assertj-core-3.9.1.jar;C:\Users\426184\.m2\repository\org\mockito\mockito-core\2.15.0\mockito-core-2.15.0.jar;C:\Users\426184\.m2\repository\net\bytebuddy\byte-buddy\1.7.11\byte-buddy-1.7.11.jar;C:\Users\426184\.m2\repository\net\bytebuddy\byte-buddy-agent\1.7.11\byte-buddy-agent-1.7.11.jar;C:\Users\426184\.m2\repository\org\objenesis\objenesis\2.6\objenesis-2.6.jar;C:\Users\426184\.m2\repository\org\hamcrest\hamcrest-core\1.3\hamcrest-core-1.3.jar;C:\Users\426184\.m2\repository\org\hamcrest\hamcrest-library\1.3\hamcrest-library-1.3.jar;C:\Users\426184\.m2\repository\org\skyscreamer\jsonassert\1.5.0\jsonassert-1.5.0.jar;C:\Users\426184\.m2\repository\com\vaadin\external\google\android-json\0.0.20131108.vaadin1\android-json-0.0.20131108.vaadin1.jar;C:\Users\426184\.m2\repository\org\springframework\spring-core\5.0.8.RELEASE\spring-core-5.0.8.RELEASE.jar;C:\Users\426184\.m2\repository\org\springframework\spring-jcl\5.0.8.RELEASE\spring-jcl-5.0.8.RELEASE.jar;C:\Users\426184\.m2\repository\org\springframework\spring-test\5.0.8.RELEASE\spring-test-5.0.8.RELEASE.jar;C:\Users\426184\.m2\repository\org\xmlunit\xmlunit-core\2.5.1\xmlunit-core-2.5.1.jar;C:\Users\426184\.m2\repository\org\springframework\boot\spring-boot-starter-aop\2.0.4.RELEASE\spring-boot-starter-aop-2.0.4.RELEASE.jar;C:\Users\426184\.m2\repository\org\aspectj\aspectjweaver\1.8.13\aspectjweaver-1.8.13.jar;C:\Users\426184\.m2\repository\org\springframework\boot\spring-boot-starter-integration\2.0.4.RELEASE\spring-boot-starter-integration-2.0.4.RELEASE.jar;C:\Users\426184\.m2\repository\org\springframework\integration\spring-integration-core\5.0.7.RELEASE\spring-integration-core-5.0.7.RELEASE.jar;C:\Users\426184\.m2\repository\org\springframework\spring-messaging\5.0.8.RELEASE\spring-messaging-5.0.8.RELEASE.jar;C:\Users\426184\.m2\repository\org\springframework\spring-tx\5.0.8.RELEASE\spring-tx-5.0.8.RELEASE.jar;C:\Users\426184\.m2\repository\org\springframework\retry\spring-retry\1.2.2.RELEASE\spring-retry-1.2.2.RELEASE.jar;C:\Users\426184\.m2\repository\io\projectreactor\reactor-core\3.1.8.RELEASE\reactor-core-3.1.8.RELEASE.jar;C:\Users\426184\.m2\repository\org\reactivestreams\reactive-streams\1.0.2\reactive-streams-1.0.2.jar;C:\Users\426184\.m2\repository\org\springframework\boot\spring-boot-starter-data-jpa\2.0.4.RELEASE\spring-boot-starter-data-jpa-2.0.4.RELEASE.jar;C:\Users\426184\.m2\repository\org\springframework\boot\spring-boot-starter-jdbc\2.0.4.RELEASE\spring-boot-starter-jdbc-2.0.4.RELEASE.jar;C:\Users\426184\.m2\repository\com\zaxxer\HikariCP\2.7.9\HikariCP-2.7.9.jar;C:\Users\426184\.m2\repository\org\springframework\spring-jdbc\5.0.8.RELEASE\spring-jdbc-5.0.8.RELEASE.jar;C:\Users\426184\.m2\repository\org\hibernate\hibernate-core\5.2.17.Final\hibernate-core-5.2.17.Final.jar;C:\Users\426184\.m2\repository\org\hibernate\javax\persistence\hibernate-jpa-2.1-api\1.0.2.Final\hibernate-jpa-2.1-api-1.0.2.Final.jar;C:\Users\426184\.m2\repository\org\javassist\javassist\3.22.0-GA\javassist-3.22.0-GA.jar;C:\Users\426184\.m2\repository\antlr\antlr\2.7.7\antlr-2.7.7.jar;C:\Users\426184\.m2\repository\org\jboss\jandex\2.0.3.Final\jandex-2.0.3.Final.jar;C:\Users\426184\.m2\repository\dom4j\dom4j\1.6.1\dom4j-1.6.1.jar;C:\Users\426184\.m2\repository\org\hibernate\common\hibernate-commons-annotations\5.0.1.Final\hibernate-commons-annotations-5.0.1.Final.jar;C:\Users\426184\.m2\repository\javax\transaction\javax.transaction-api\1.2\javax.transaction-api-1.2.jar;C:\Users\426184\.m2\repository\org\springframework\data\spring-data-jpa\2.0.9.RELEASE\spring-data-jpa-2.0.9.RELEASE.jar;C:\Users\426184\.m2\repository\org\springframework\data\spring-data-commons\2.0.9.RELEASE\spring-data-commons-2.0.9.RELEASE.jar;C:\Users\426184\.m2\repository\org\springframework\spring-orm\5.0.8.RELEASE\spring-orm-5.0.8.RELEASE.jar;C:\Users\426184\.m2\repository\org\springframework\spring-aspects\5.0.8.RELEASE\spring-aspects-5.0.8.RELEASE.jar;C:\Users\426184\.m2\repository\io\springfox\springfox-swagger2\2.7.0\springfox-swagger2-2.7.0.jar;C:\Users\426184\.m2\repository\io\swagger\swagger-annotations\1.5.13\swagger-annotations-1.5.13.jar;C:\Users\426184\.m2\repository\io\swagger\swagger-models\1.5.13\swagger-models-1.5.13.jar;C:\Users\426184\.m2\repository\io\springfox\springfox-spi\2.7.0\springfox-spi-2.7.0.jar;C:\Users\426184\.m2\repository\io\springfox\springfox-core\2.7.0\springfox-core-2.7.0.jar;C:\Users\426184\.m2\repository\io\springfox\springfox-schema\2.7.0\springfox-schema-2.7.0.jar;C:\Users\426184\.m2\repository\io\springfox\springfox-swagger-common\2.7.0\springfox-swagger-common-2.7.0.jar;C:\Users\426184\.m2\repository\io\springfox\springfox-spring-web\2.7.0\springfox-spring-web-2.7.0.jar;C:\Users\426184\.m2\repository\org\reflections\reflections\0.9.11\reflections-0.9.11.jar;C:\Users\426184\.m2\repository\com\google\guava\guava\18.0\guava-18.0.jar;C:\Users\426184\.m2\repository\com\fasterxml\classmate\1.3.4\classmate-1.3.4.jar;C:\Users\426184\.m2\repository\org\springframework\plugin\spring-plugin-core\1.2.0.RELEASE\spring-plugin-core-1.2.0.RELEASE.jar;C:\Users\426184\.m2\repository\org\springframework\plugin\spring-plugin-metadata\1.2.0.RELEASE\spring-plugin-metadata-1.2.0.RELEASE.jar;C:\Users\426184\.m2\repository\org\mapstruct\mapstruct\1.1.0.Final\mapstruct-1.1.0.Final.jar;C:\Users\426184\.m2\repository\io\springfox\springfox-swagger-ui\2.7.0\springfox-swagger-ui-2.7.0.jar;C:\Users\426184\.m2\repository\mysql\mysql-connector-java\5.1.46\mysql-connector-java-5.1.46.jar;D:\FSD-SBA-FINAL-PROJECT-master\FSD-SBA-FINAL-PROJECT-master\projectmanager-web\target\projectmanager-web-0.0.1-SNAPSHOT.jar;C:\Users\426184\.m2\repository\com\spotify\docker-maven-plugin\1.2.0\docker-maven-plugin-1.2.0.jar;C:\Users\426184\.m2\repository\com\spotify\docker-client\8.14.1\docker-client-8.14.1-shaded.jar;C:\Users\426184\.m2\repository\com\fasterxml\jackson\jaxrs\jackson-jaxrs-json-provider\2.9.6\jackson-jaxrs-json-provider-2.9.6.jar;C:\Users\426184\.m2\repository\com\fasterxml\jackson\jaxrs\jackson-jaxrs-base\2.9.6\jackson-jaxrs-base-2.9.6.jar;C:\Users\426184\.m2\repository\com\fasterxml\jackson\module\jackson-module-jaxb-annotations\2.9.6\jackson-module-jaxb-annotations-2.9.6.jar;C:\Users\426184\.m2\repository\com\fasterxml\jackson\datatype\jackson-datatype-guava\2.9.6\jackson-datatype-guava-2.9.6.jar;C:\Users\426184\.m2\repository\org\glassfish\jersey\core\jersey-client\2.26\jersey-client-2.26.jar;C:\Users\426184\.m2\repository\javax\ws\rs\javax.ws.rs-api\2.1\javax.ws.rs-api-2.1.jar;C:\Users\426184\.m2\repository\org\glassfish\jersey\core\jersey-common\2.26\jersey-common-2.26.jar;C:\Users\426184\.m2\repository\org\glassfish\hk2\osgi-resource-locator\1.0.1\osgi-resource-locator-1.0.1.jar;C:\Users\426184\.m2\repository\org\glassfish\hk2\external\javax.inject\2.5.0-b42\javax.inject-2.5.0-b42.jar;C:\Users\426184\.m2\repository\org\glassfish\jersey\connectors\jersey-apache-connector\2.22.2\jersey-apache-connector-2.22.2.jar;C:\Users\426184\.m2\repository\org\glassfish\jersey\media\jersey-media-json-jackson\2.26\jersey-media-json-jackson-2.26.jar;C:\Users\426184\.m2\repository\org\glassfish\jersey\ext\jersey-entity-filtering\2.26\jersey-entity-filtering-2.26.jar;C:\Users\426184\.m2\repository\javax\activation\activation\1.1\activation-1.1.jar;C:\Users\426184\.m2\repository\org\apache\commons\commons-compress\1.9\commons-compress-1.9.jar;C:\Users\426184\.m2\repository\commons-io\commons-io\2.5\commons-io-2.5.jar;C:\Users\426184\.m2\repository\org\apache\httpcomponents\httpclient\4.5.6\httpclient-4.5.6.jar;C:\Users\426184\.m2\repository\commons-codec\commons-codec\1.11\commons-codec-1.11.jar;C:\Users\426184\.m2\repository\org\apache\httpcomponents\httpcore\4.4.10\httpcore-4.4.10.jar;C:\Users\426184\.m2\repository\com\github\jnr\jnr-unixsocket\0.18\jnr-unixsocket-0.18.jar;C:\Users\426184\.m2\repository\com\github\jnr\jnr-ffi\2.1.4\jnr-ffi-2.1.4.jar;C:\Users\426184\.m2\repository\com\github\jnr\jffi\1.2.15\jffi-1.2.15.jar;C:\Users\426184\.m2\repository\com\github\jnr\jffi\1.2.15\jffi-1.2.15-native.jar;C:\Users\426184\.m2\repository\org\ow2\asm\asm-commons\5.0.3\asm-commons-5.0.3.jar;C:\Users\426184\.m2\repository\org\ow2\asm\asm-analysis\5.0.3\asm-analysis-5.0.3.jar;C:\Users\426184\.m2\repository\org\ow2\asm\asm-tree\5.0.3\asm-tree-5.0.3.jar;C:\Users\426184\.m2\repository\org\ow2\asm\asm-util\5.0.3\asm-util-5.0.3.jar;C:\Users\426184\.m2\repository\com\github\jnr\jnr-x86asm\1.0.2\jnr-x86asm-1.0.2.jar;C:\Users\426184\.m2\repository\com\github\jnr\jnr-constants\0.9.8\jnr-constants-0.9.8.jar;C:\Users\426184\.m2\repository\com\github\jnr\jnr-enxio\0.16\jnr-enxio-0.16.jar;C:\Users\426184\.m2\repository\com\github\jnr\jnr-posix\3.0.35\jnr-posix-3.0.35.jar;C:\Users\426184\.m2\repository\commons-lang\commons-lang\2.6\commons-lang-2.6.jar;C:\Users\426184\.m2\repository\org\bouncycastle\bcpkix-jdk15on\1.59\bcpkix-jdk15on-1.59.jar;C:\Users\426184\.m2\repository\org\bouncycastle\bcprov-jdk15on\1.59\bcprov-jdk15on-1.59.jar;C:\Users\426184\.m2\repository\com\google\auth\google-auth-library-oauth2-http\0.6.0\google-auth-library-oauth2-http-0.6.0.jar;C:\Users\426184\.m2\repository\com\google\auth\google-auth-library-credentials\0.6.0\google-auth-library-credentials-0.6.0.jar;C:\Users\426184\.m2\repository\com\google\http-client\google-http-client\1.19.0\google-http-client-1.19.0.jar;C:\Users\426184\.m2\repository\com\google\code\findbugs\jsr305\1.3.9\jsr305-1.3.9.jar;C:\Users\426184\.m2\repository\com\google\http-client\google-http-client-jackson2\1.19.0\google-http-client-jackson2-1.19.0.jar;C:\Users\426184\.m2\repository\com\typesafe\config\1.2.0\config-1.2.0.jar;C:\Users\426184\.m2\repository\org\apache\maven\maven-core\3.3.3\maven-core-3.3.3.jar;C:\Users\426184\.m2\repository\org\apache\maven\maven-model\3.3.3\maven-model-3.3.3.jar;C:\Users\426184\.m2\repository\org\apache\maven\maven-settings\3.3.3\maven-settings-3.3.3.jar;C:\Users\426184\.m2\repository\org\apache\maven\maven-settings-builder\3.3.3\maven-settings-builder-3.3.3.jar;C:\Users\426184\.m2\repository\org\apache\maven\maven-builder-support\3.3.3\maven-builder-support-3.3.3.jar;C:\Users\426184\.m2\repository\org\apache\maven\maven-repository-metadata\3.3.3\maven-repository-metadata-3.3.3.jar;C:\Users\426184\.m2\repository\org\apache\maven\maven-plugin-api\3.3.3\maven-plugin-api-3.3.3.jar;C:\Users\426184\.m2\repository\org\apache\maven\maven-model-builder\3.3.3\maven-model-builder-3.3.3.jar;C:\Users\426184\.m2\repository\org\apache\maven\maven-aether-provider\3.3.3\maven-aether-provider-3.3.3.jar;C:\Users\426184\.m2\repository\org\eclipse\aether\aether-spi\1.0.2.v20150114\aether-spi-1.0.2.v20150114.jar;C:\Users\426184\.m2\repository\org\eclipse\aether\aether-impl\1.0.2.v20150114\aether-impl-1.0.2.v20150114.jar;C:\Users\426184\.m2\repository\org\eclipse\aether\aether-api\1.0.2.v20150114\aether-api-1.0.2.v20150114.jar;C:\Users\426184\.m2\repository\org\eclipse\aether\aether-util\1.0.2.v20150114\aether-util-1.0.2.v20150114.jar;C:\Users\426184\.m2\repository\org\eclipse\sisu\org.eclipse.sisu.plexus\0.3.0\org.eclipse.sisu.plexus-0.3.0.jar;C:\Users\426184\.m2\repository\javax\enterprise\cdi-api\1.0\cdi-api-1.0.jar;C:\Users\426184\.m2\repository\javax\annotation\jsr250-api\1.0\jsr250-api-1.0.jar;C:\Users\426184\.m2\repository\org\eclipse\sisu\org.eclipse.sisu.inject\0.3.0\org.eclipse.sisu.inject-0.3.0.jar;C:\Users\426184\.m2\repository\org\sonatype\sisu\sisu-guice\3.2.5\sisu-guice-3.2.5-no_aop.jar;C:\Users\426184\.m2\repository\javax\inject\javax.inject\1\javax.inject-1.jar;C:\Users\426184\.m2\repository\aopalliance\aopalliance\1.0\aopalliance-1.0.jar;C:\Users\426184\.m2\repository\org\codehaus\plexus\plexus-interpolation\1.21\plexus-interpolation-1.21.jar;C:\Users\426184\.m2\repository\org\codehaus\plexus\plexus-utils\3.0.20\plexus-utils-3.0.20.jar;C:\Users\426184\.m2\repository\org\codehaus\plexus\plexus-classworlds\2.5.2\plexus-classworlds-2.5.2.jar;C:\Users\426184\.m2\repository\org\codehaus\plexus\plexus-component-annotations\1.5.5\plexus-component-annotations-1.5.5.jar;C:\Users\426184\.m2\repository\org\sonatype\plexus\plexus-sec-dispatcher\1.3\plexus-sec-dispatcher-1.3.jar;C:\Users\426184\.m2\repository\org\sonatype\plexus\plexus-cipher\1.4\plexus-cipher-1.4.jar;C:\Users\426184\.m2\repository\org\apache\maven\maven-artifact\3.3.3\maven-artifact-3.3.3.jar;C:\Users\426184\.m2\repository\org\eclipse\jgit\org.eclipse.jgit\3.2.0.201312181205-r\org.eclipse.jgit-3.2.0.201312181205-r.jar;C:\Users\426184\.m2\repository\com\jcraft\jsch\0.1.46\jsch-0.1.46.jar;C:\Users\426184\.m2\repository\com\googlecode\javaewah\JavaEWAH\0.5.6\JavaEWAH-0.5.6.jar;"/>
    <property name="sun.cpu.endian" value="little"/>
    <property name="user.home" value="C:\Users\426184"/>
    <property name="user.language" value="en"/>
    <property name="java.specification.vendor" value="Oracle Corporation"/>
    <property name="java.home" value="C:\Program Files\Java\jre1.8.0_211"/>
    <property name="basedir" value="D:\FSD-SBA-FINAL-PROJECT-master\FSD-SBA-FINAL-PROJECT-master\projectmanager-server"/>
    <property name="file.separator" value="\"/>
    <property name="line.separator" value="&#10;"/>
    <property name="java.vm.specification.vendor" value="Oracle Corporation"/>
    <property name="java.specification.name" value="Java Platform API Specification"/>
    <property name="java.awt.graphicsenv" value="sun.awt.Win32GraphicsEnvironment"/>
    <property name="surefire.real.class.path" value="C:\Users\426184\AppData\Local\Temp\surefire3921445204605145458\surefirebooter4402678036350044680.jar"/>
    <property name="sun.boot.class.path" value="C:\Program Files\Java\jre1.8.0_211\lib\resources.jar;C:\Program Files\Java\jre1.8.0_211\lib\rt.jar;C:\Program Files\Java\jre1.8.0_211\lib\sunrsasign.jar;C:\Program Files\Java\jre1.8.0_211\lib\jsse.jar;C:\Program Files\Java\jre1.8.0_211\lib\jce.jar;C:\Program Files\Java\jre1.8.0_211\lib\charsets.jar;C:\Program Files\Java\jre1.8.0_211\lib\jfr.jar;C:\Program Files\Java\jre1.8.0_211\classes"/>
    <property name="user.script" value=""/>
    <property name="sun.management.compiler" value="HotSpot 64-Bit Tiered Compilers"/>
    <property name="java.runtime.version" value="1.8.0_211-b12"/>
    <property name="user.name" value="426184"/>
    <property name="path.separator" value=";"/>
    <property name="os.version" value="10.0"/>
    <property name="java.endorsed.dirs" value="C:\Program Files\Java\jre1.8.0_211\lib\endorsed"/>
    <property name="java.runtime.name" value="Java(TM) SE Runtime Environment"/>
    <property name="file.encoding" value="Cp1252"/>
    <property name="java.vm.name" value="Java HotSpot(TM) 64-Bit Server VM"/>
    <property name="localRepository" value="C:\Users\426184\.m2\repository"/>
    <property name="java.vendor.url.bug" value="http://bugreport.sun.com/bugreport/"/>
    <property name="java.io.tmpdir" value="C:\Users\426184\AppData\Local\Temp\"/>
    <property name="java.version" value="1.8.0_211"/>
    <property name="user.dir" value="D:\FSD-SBA-FINAL-PROJECT-master\FSD-SBA-FINAL-PROJECT-master\projectmanager-server"/>
    <property name="os.arch" value="amd64"/>
    <property name="java.vm.specification.name" value="Java Virtual Machine Specification"/>
    <property name="java.awt.printerjob" value="sun.awt.windows.WPrinterJob"/>
    <property name="sun.os.patch.level" value=""/>
    <property name="java.library.path" value="C:\Program Files\Java\jre1.8.0_211\bin;C:\WINDOWS\Sun\Java\bin;C:\WINDOWS\system32;C:\WINDOWS;C:/Program Files/Java/jre1.8.0_211/bin/server;C:/Program Files/Java/jre1.8.0_211/bin;C:/Program Files/Java/jre1.8.0_211/lib/amd64;C:\Program Files\Docker\Docker\Resources\bin;C:\Program Files (x86)\Common Files\Oracle\Java\javapath;C:\WINDOWS\system32;C:\WINDOWS;C:\WINDOWS\System32\Wbem;C:\WINDOWS\System32\WindowsPowerShell\v1.0\;C:\Program Files\Git\cmd;C:\Program Files\nodejs\;C:\Users\426184\AppData\Local\Microsoft\WindowsApps;C:\Users\426184\AppData\Roaming\npm;D:\Software\spring-tool-suite-3.8.3.RELEASE-e4.6.2-win32-x86_64\sts-bundle\sts-3.8.3.RELEASE;;."/>
    <property name="java.vm.info" value="mixed mode"/>
    <property name="java.vendor" value="Oracle Corporation"/>
    <property name="java.vm.version" value="25.211-b12"/>
    <property name="java.ext.dirs" value="C:\Program Files\Java\jre1.8.0_211\lib\ext;C:\WINDOWS\Sun\Java\lib\ext"/>
    <property name="sun.io.unicode.encoding" value="UnicodeLittle"/>
    <property name="java.class.version" value="52.0"/>
  </properties>
  <testcase name="testGetTasks" classname="com.test.springboot.controller.ProjectManagerControllerTest" time="1.599"/>
  <testcase name="testGetUsers" classname="com.test.springboot.controller.ProjectManagerControllerTest" time="0.012"/>
  <testcase name="testUpdateUsers" classname="com.test.springboot.controller.ProjectManagerControllerTest" time="0.04"/>
  <testcase name="testHome" classname="com.test.springboot.controller.ProjectManagerControllerTest" time="0.017"/>
  <testcase name="testTest" classname="com.test.springboot.controller.ProjectManagerControllerTest" time="0.003"/>
  <testcase name="testGetParentTasksForProjectId" classname="com.test.springboot.controller.ProjectManagerControllerTest" time="0.004"/>
  <testcase name="testUpdateTask" classname="com.test.springboot.controller.ProjectManagerControllerTest" time="0.021"/>
  <testcase name="testUpdateProject" classname="com.test.springboot.controller.ProjectManagerControllerTest" time="0.002"/>
  <testcase name="testGetProjects" classname="com.test.springboot.controller.ProjectManagerControllerTest" time="0"/>
  <testcase name="testUpdateParentTask" classname="com.test.springboot.controller.ProjectManagerControllerTest" time="0.026"/>
  <testcase name="testGetAllParentTasks" classname="com.test.springboot.controller.ProjectManagerControllerTest" time="0.013"/>
</testsuite>